<?xml version="1.0" encoding="UTF-8"?>
<!-- Generated by org.testng.reporters.JUnitReportReporter -->
<testsuite skipped="0" hostname="LAPTOP-LO7MB9TB" name="cheers.cognizant.testcases.TestCases" tests="50" failures="0" timestamp="2021-03-19T01:11:34 IST" time="466.471" errors="0">
  <testcase name="homePageSmoke" time="61.385" classname="cheers.cognizant.testcases.TestCases"/>
  <system-out/>
  <testcase name="shoppingPageSmoke" time="14.854" classname="cheers.cognizant.testcases.TestCases"/>
  <system-out/>
  <testcase name="regression_1" time="13.089" classname="cheers.cognizant.testcases.TestCases"/>
  <system-out/>
  <testcase name="regression_2" time="5.316" classname="cheers.cognizant.testcases.TestCases"/>
  <system-out/>
  <testcase name="checkHomeButton" time="3.691" classname="cheers.cognizant.testcases.TestCases"/>
  <system-out/>
  <testcase name="checkCognizantLogo" time="3.923" classname="cheers.cognizant.testcases.TestCases"/>
  <system-out/>
  <testcase name="checkCheersButton" time="5.787" classname="cheers.cognizant.testcases.TestCases"/>
  <system-out/>
  <testcase name="checkStoreButton" time="7.836" classname="cheers.cognizant.testcases.TestCases"/>
  <system-out/>
  <testcase name="checkCartButton" time="8.824" classname="cheers.cognizant.testcases.TestCases"/>
  <system-out/>
  <testcase name="checkPointsButton" time="7.247" classname="cheers.cognizant.testcases.TestCases"/>
  <system-out/>
  <testcase name="checkDropdownButton" time="3.496" classname="cheers.cognizant.testcases.TestCases"/>
  <system-out/>
  <testcase name="checkControlBarMyAwardsButton" time="5.220" classname="cheers.cognizant.testcases.TestCases"/>
  <system-out/>
  <testcase name="checkControlBarMyOrdersButton" time="6.044" classname="cheers.cognizant.testcases.TestCases"/>
  <system-out/>
  <testcase name="checkControlBarLogoutButton" time="4.952" classname="cheers.cognizant.testcases.TestCases"/>
  <system-out/>
  <testcase name="checkGridRedeem" time="3.561" classname="cheers.cognizant.testcases.TestCases"/>
  <system-out/>
  <testcase name="checkGridRecognize" time="10.303" classname="cheers.cognizant.testcases.TestCases"/>
  <system-out/>
  <testcase name="checkNavRedeem" time="3.438" classname="cheers.cognizant.testcases.TestCases"/>
  <system-out/>
  <testcase name="checkNavRecognizeButton" time="4.964" classname="cheers.cognizant.testcases.TestCases"/>
  <system-out/>
  <testcase name="checkFooterTermsOfUseButton" time="1.764" classname="cheers.cognizant.testcases.TestCases"/>
  <system-out/>
  <testcase name="checkFooterPrivacyPolicyButton" time="2.573" classname="cheers.cognizant.testcases.TestCases"/>
  <system-out/>
  <testcase name="checkFooterCookiePolicyButton" time="2.229" classname="cheers.cognizant.testcases.TestCases"/>
  <system-out/>
  <testcase name="checkFooterContactUsButton" time="2.265" classname="cheers.cognizant.testcases.TestCases"/>
  <system-out/>
  <testcase name="checkProgramInformationButton" time="3.004" classname="cheers.cognizant.testcases.TestCases"/>
  <system-out/>
  <testcase name="checkContactUsButton" time="2.549" classname="cheers.cognizant.testcases.TestCases"/>
  <system-out/>
  <testcase name="fetchInternationalNumber" time="3.253" classname="cheers.cognizant.testcases.TestCases"/>
  <system-out/>
  <testcase name="checkingFindingAColleaguetextbox" time="4.371" classname="cheers.cognizant.testcases.TestCases"/>
  <system-out/>
  <testcase name="fetchingTheNameAfterFindingColleague" time="5.670" classname="cheers.cognizant.testcases.TestCases"/>
  <system-out/>
  <testcase name="checkingMyDashboardButton" time="7.060" classname="cheers.cognizant.testcases.TestCases"/>
  <system-out/>
  <testcase name="checkingMyAwardsButton" time="11.755" classname="cheers.cognizant.testcases.TestCases"/>
  <system-out/>
  <testcase name="checkingMyNominationsPageElements" time="9.604" classname="cheers.cognizant.testcases.TestCases"/>
  <system-out/>
  <testcase name="checkingMyMobilePageElements" time="9.306" classname="cheers.cognizant.testcases.TestCases"/>
  <system-out/>
  <testcase name="checkingMySettingsPageElements" time="30.815" classname="cheers.cognizant.testcases.TestCases"/>
  <system-out/>
  <testcase name="checkingMyOrdersPageElements" time="17.168" classname="cheers.cognizant.testcases.TestCases"/>
  <system-out/>
  <testcase name="printingUserNameOfMyDashboard" time="4.237" classname="cheers.cognizant.testcases.TestCases"/>
  <system-out/>
  <testcase name="fetchingMyAwardsPagetext" time="9.728" classname="cheers.cognizant.testcases.TestCases"/>
  <system-out/>
  <testcase name="fetchingListOfColleaguesInNominationsPage" time="12.778" classname="cheers.cognizant.testcases.TestCases"/>
  <system-out/>
  <testcase name="fetchingListOfMobileFeatures" time="8.692" classname="cheers.cognizant.testcases.TestCases"/>
  <system-out/>
  <testcase name="changingTheProfilePicture" time="14.893" classname="cheers.cognizant.testcases.TestCases"/>
  <system-out/>
  <testcase name="changingTheBackgroundPicture" time="20.282" classname="cheers.cognizant.testcases.TestCases"/>
  <system-out/>
  <testcase name="checkingTheSearchBoxShoppingPage" time="9.947" classname="cheers.cognizant.testcases.TestCases"/>
  <system-out/>
  <testcase name="checkingTheShopAllButtonShoppingPage" time="8.907" classname="cheers.cognizant.testcases.TestCases"/>
  <system-out/>
  <testcase name="checkingTheEditorPicksButtonShoppingPage" time="8.089" classname="cheers.cognizant.testcases.TestCases"/>
  <system-out/>
  <testcase name="checkingTheTopBrandsButtonShoppingPage" time="8.254" classname="cheers.cognizant.testcases.TestCases"/>
  <system-out/>
  <testcase name="fetchingShopallSublistShoppingPage" time="9.366" classname="cheers.cognizant.testcases.TestCases"/>
  <system-out/>
  <testcase name="fetchingEditorPicks1SublistShoppingPage" time="9.130" classname="cheers.cognizant.testcases.TestCases"/>
  <system-out/>
  <testcase name="fetchingTopBrandsListShoppingPage" time="8.869" classname="cheers.cognizant.testcases.TestCases"/>
  <system-out/>
  <testcase name="fetchingFeaturedFindsListShoppingPage" time="11.274" classname="cheers.cognizant.testcases.TestCases"/>
  <system-out/>
  <testcase name="fetchingTrendingListShoppingPage" time="7.854" classname="cheers.cognizant.testcases.TestCases"/>
  <system-out/>
  <testcase name="fetchingEditorPicks2ListShoppingPage" time="10.004" classname="cheers.cognizant.testcases.TestCases"/>
  <system-out/>
  <testcase name="searchingResultsInshoppingPage" time="16.851" classname="cheers.cognizant.testcases.TestCases"/>
  <system-out/>
</testsuite> <!-- cheers.cognizant.testcases.TestCases -->
